2022-02-22 09:35:50,572 DEBUG [main] cmn.LoggerManager (CalendarEx01Main.java:39)     - cal01 : java.util.GregorianCalendar[time=1645490150511,areFieldsSet=true,areAllFieldsSet=true,lenient=true,zone=sun.util.calendar.ZoneInfo[id="Asia/Seoul",offset=32400000,dstSavings=0,useDaylight=false,transitions=22,lastRule=null],firstDayOfWeek=1,minimalDaysInFirstWeek=1,ERA=1,YEAR=2022,MONTH=1,WEEK_OF_YEAR=9,WEEK_OF_MONTH=4,DAY_OF_MONTH=22,DAY_OF_YEAR=53,DAY_OF_WEEK=3,DAY_OF_WEEK_IN_MONTH=4,AM_PM=0,HOUR=9,HOUR_OF_DAY=9,MINUTE=35,SECOND=50,MILLISECOND=511,ZONE_OFFSET=32400000,DST_OFFSET=0]
2022-02-22 09:36:08,707 DEBUG [main] cmn.LoggerManager (CalendarEx01Main.java:40)     - cal01 : java.util.GregorianCalendar[time=1645490168649,areFieldsSet=true,areAllFieldsSet=true,lenient=true,zone=sun.util.calendar.ZoneInfo[id="Asia/Seoul",offset=32400000,dstSavings=0,useDaylight=false,transitions=22,lastRule=null],firstDayOfWeek=1,minimalDaysInFirstWeek=1,ERA=1,YEAR=2022,MONTH=1,WEEK_OF_YEAR=9,WEEK_OF_MONTH=4,DAY_OF_MONTH=22,DAY_OF_YEAR=53,DAY_OF_WEEK=3,DAY_OF_WEEK_IN_MONTH=4,AM_PM=0,HOUR=9,HOUR_OF_DAY=9,MINUTE=36,SECOND=8,MILLISECOND=649,ZONE_OFFSET=32400000,DST_OFFSET=0]
2022-02-22 09:36:08,710 DEBUG [main] cmn.LoggerManager (CalendarEx01Main.java:41)     - cal02 : java.util.GregorianCalendar[time=1645490168660,areFieldsSet=true,areAllFieldsSet=true,lenient=true,zone=sun.util.calendar.ZoneInfo[id="Asia/Seoul",offset=32400000,dstSavings=0,useDaylight=false,transitions=22,lastRule=null],firstDayOfWeek=1,minimalDaysInFirstWeek=1,ERA=1,YEAR=2022,MONTH=1,WEEK_OF_YEAR=9,WEEK_OF_MONTH=4,DAY_OF_MONTH=22,DAY_OF_YEAR=53,DAY_OF_WEEK=3,DAY_OF_WEEK_IN_MONTH=4,AM_PM=0,HOUR=9,HOUR_OF_DAY=9,MINUTE=36,SECOND=8,MILLISECOND=660,ZONE_OFFSET=32400000,DST_OFFSET=0]
2022-02-22 09:43:40,866 DEBUG [main] cmn.LoggerManager (CalendarEx01Main.java:40)     - cal01 : java.util.GregorianCalendar[time=1645490620811,areFieldsSet=true,areAllFieldsSet=true,lenient=true,zone=sun.util.calendar.ZoneInfo[id="Asia/Seoul",offset=32400000,dstSavings=0,useDaylight=false,transitions=22,lastRule=null],firstDayOfWeek=1,minimalDaysInFirstWeek=1,ERA=1,YEAR=2022,MONTH=1,WEEK_OF_YEAR=9,WEEK_OF_MONTH=4,DAY_OF_MONTH=22,DAY_OF_YEAR=53,DAY_OF_WEEK=3,DAY_OF_WEEK_IN_MONTH=4,AM_PM=0,HOUR=9,HOUR_OF_DAY=9,MINUTE=43,SECOND=40,MILLISECOND=811,ZONE_OFFSET=32400000,DST_OFFSET=0]
2022-02-22 09:43:40,868 DEBUG [main] cmn.LoggerManager (CalendarEx01Main.java:41)     - cal02 : java.util.GregorianCalendar[time=1645490620821,areFieldsSet=true,areAllFieldsSet=true,lenient=true,zone=sun.util.calendar.ZoneInfo[id="Asia/Seoul",offset=32400000,dstSavings=0,useDaylight=false,transitions=22,lastRule=null],firstDayOfWeek=1,minimalDaysInFirstWeek=1,ERA=1,YEAR=2022,MONTH=1,WEEK_OF_YEAR=9,WEEK_OF_MONTH=4,DAY_OF_MONTH=22,DAY_OF_YEAR=53,DAY_OF_WEEK=3,DAY_OF_WEEK_IN_MONTH=4,AM_PM=0,HOUR=9,HOUR_OF_DAY=9,MINUTE=43,SECOND=40,MILLISECOND=821,ZONE_OFFSET=32400000,DST_OFFSET=0]
2022-02-22 09:43:40,868 DEBUG [main] cmn.LoggerManager (CalendarEx01Main.java:43)     - cal01 : 495053715
2022-02-22 09:47:53,060 DEBUG [main] cmn.LoggerManager (CalendarEx01Main.java:40)     - cal01 : java.util.GregorianCalendar[time=1645490873001,areFieldsSet=true,areAllFieldsSet=true,lenient=true,zone=sun.util.calendar.ZoneInfo[id="Asia/Seoul",offset=32400000,dstSavings=0,useDaylight=false,transitions=22,lastRule=null],firstDayOfWeek=1,minimalDaysInFirstWeek=1,ERA=1,YEAR=2022,MONTH=1,WEEK_OF_YEAR=9,WEEK_OF_MONTH=4,DAY_OF_MONTH=22,DAY_OF_YEAR=53,DAY_OF_WEEK=3,DAY_OF_WEEK_IN_MONTH=4,AM_PM=0,HOUR=9,HOUR_OF_DAY=9,MINUTE=47,SECOND=53,MILLISECOND=1,ZONE_OFFSET=32400000,DST_OFFSET=0]
2022-02-22 09:47:53,062 DEBUG [main] cmn.LoggerManager (CalendarEx01Main.java:41)     - cal02 : java.util.GregorianCalendar[time=1645490873012,areFieldsSet=true,areAllFieldsSet=true,lenient=true,zone=sun.util.calendar.ZoneInfo[id="Asia/Seoul",offset=32400000,dstSavings=0,useDaylight=false,transitions=22,lastRule=null],firstDayOfWeek=1,minimalDaysInFirstWeek=1,ERA=1,YEAR=2022,MONTH=1,WEEK_OF_YEAR=9,WEEK_OF_MONTH=4,DAY_OF_MONTH=22,DAY_OF_YEAR=53,DAY_OF_WEEK=3,DAY_OF_WEEK_IN_MONTH=4,AM_PM=0,HOUR=9,HOUR_OF_DAY=9,MINUTE=47,SECOND=53,MILLISECOND=12,ZONE_OFFSET=32400000,DST_OFFSET=0]
2022-02-22 09:47:53,062 DEBUG [main] cmn.LoggerManager (CalendarEx01Main.java:44)     - cal01 : 495053715
2022-02-22 09:47:53,062 DEBUG [main] cmn.LoggerManager (CalendarEx01Main.java:45)     - cal02 : 1922154895
2022-02-22 10:04:55,747 DEBUG [main] cmn.LoggerManager (CalendarEx02Main.java:36)     - 이해의 년도 : 2022
2022-02-22 10:06:08,386 DEBUG [main] cmn.LoggerManager (CalendarEx02Main.java:38)     - 이해의 년도 : 2022
2022-02-22 10:06:08,388 DEBUG [main] cmn.LoggerManager (CalendarEx02Main.java:39)     - 월(0~11)월 : 1
2022-02-22 10:06:40,564 DEBUG [main] cmn.LoggerManager (CalendarEx02Main.java:38)     - 이해의 년도 : 2022
2022-02-22 10:06:40,566 DEBUG [main] cmn.LoggerManager (CalendarEx02Main.java:39)     - 월(0~11)월 : 2
2022-02-22 10:07:43,440 DEBUG [main] cmn.LoggerManager (CalendarEx02Main.java:40)     - 이해의 년도 : 2022
2022-02-22 10:07:43,444 DEBUG [main] cmn.LoggerManager (CalendarEx02Main.java:41)     - 월(0~11)월 : 2
2022-02-22 10:08:08,469 DEBUG [main] cmn.LoggerManager (CalendarEx02Main.java:40)     - 이해의 년도 : 2022
2022-02-22 10:08:08,471 DEBUG [main] cmn.LoggerManager (CalendarEx02Main.java:41)     - 월(0~11)월 : 2
2022-02-22 10:08:08,471 DEBUG [main] cmn.LoggerManager (CalendarEx02Main.java:42)     - 일 : 22
2022-02-22 10:09:19,290 DEBUG [main] cmn.LoggerManager (CalendarEx02Main.java:40)     - 이해의 년도 : 2022
2022-02-22 10:09:19,296 DEBUG [main] cmn.LoggerManager (CalendarEx02Main.java:41)     - 월(0~11)월 : 2
2022-02-22 10:09:19,297 DEBUG [main] cmn.LoggerManager (CalendarEx02Main.java:42)     - 일 : 22
2022-02-22 10:09:19,297 DEBUG [main] cmn.LoggerManager (CalendarEx02Main.java:44)     - 2022년 2월 22일
2022-02-22 10:12:32,969 DEBUG [main] cmn.LoggerManager (CalendarEx02Main.java:40)     - 이해의 년도 : 2022
2022-02-22 10:12:32,970 DEBUG [main] cmn.LoggerManager (CalendarEx02Main.java:41)     - 월(0~11)월 : 2
2022-02-22 10:12:32,971 DEBUG [main] cmn.LoggerManager (CalendarEx02Main.java:42)     - 일 : 22
2022-02-22 10:12:32,971 DEBUG [main] cmn.LoggerManager (CalendarEx02Main.java:44)     - 2022년 2월 22일
2022-02-22 10:12:32,971 DEBUG [main] cmn.LoggerManager (CalendarEx02Main.java:48)     - 1(일요일)~7(토요일) : 3
2022-02-22 10:14:32,203 DEBUG [main] cmn.LoggerManager (CalendarEx02Main.java:40)     - 이해의 년도 : 2022
2022-02-22 10:14:32,207 DEBUG [main] cmn.LoggerManager (CalendarEx02Main.java:41)     - 월(0~11)월 : 2
2022-02-22 10:14:32,207 DEBUG [main] cmn.LoggerManager (CalendarEx02Main.java:42)     - 일 : 22
2022-02-22 10:14:32,208 DEBUG [main] cmn.LoggerManager (CalendarEx02Main.java:44)     - 2022년 2월 22일
2022-02-22 10:14:32,208 DEBUG [main] cmn.LoggerManager (CalendarEx02Main.java:48)     - 1(일요일)~7(토요일) : 3
2022-02-22 10:14:32,208 DEBUG [main] cmn.LoggerManager (CalendarEx02Main.java:51)     - 0
2022-02-22 10:17:24,247 DEBUG [main] cmn.LoggerManager (CalendarEx02Main.java:40)     - 이해의 년도 : 2022
2022-02-22 10:17:24,248 DEBUG [main] cmn.LoggerManager (CalendarEx02Main.java:41)     - 월(0~11)월 : 2
2022-02-22 10:17:24,248 DEBUG [main] cmn.LoggerManager (CalendarEx02Main.java:42)     - 일 : 22
2022-02-22 10:17:24,249 DEBUG [main] cmn.LoggerManager (CalendarEx02Main.java:44)     - 2022년 2월 22일
2022-02-22 10:17:24,249 DEBUG [main] cmn.LoggerManager (CalendarEx02Main.java:48)     - 1(일요일)~7(토요일) : 3
2022-02-22 10:17:24,249 DEBUG [main] cmn.LoggerManager (CalendarEx02Main.java:51)     - 오전(0), 오후(1)0
2022-02-22 10:17:24,249 DEBUG [main] cmn.LoggerManager (CalendarEx02Main.java:54)     - 시간 0~11 : 10
2022-02-22 10:18:30,864 DEBUG [main] cmn.LoggerManager (CalendarEx02Main.java:40)     - 이해의 년도 : 2022
2022-02-22 10:18:30,866 DEBUG [main] cmn.LoggerManager (CalendarEx02Main.java:41)     - 월(0~11)월 : 2
2022-02-22 10:18:30,866 DEBUG [main] cmn.LoggerManager (CalendarEx02Main.java:42)     - 일 : 22
2022-02-22 10:18:30,866 DEBUG [main] cmn.LoggerManager (CalendarEx02Main.java:44)     - 2022년 2월 22일
2022-02-22 10:18:30,866 DEBUG [main] cmn.LoggerManager (CalendarEx02Main.java:48)     - 1(일요일)~7(토요일) : 3
2022-02-22 10:18:30,866 DEBUG [main] cmn.LoggerManager (CalendarEx02Main.java:51)     - 오전(0), 오후(1)0
2022-02-22 10:18:30,866 DEBUG [main] cmn.LoggerManager (CalendarEx02Main.java:54)     - 시간 0~11 : 10
2022-02-22 10:18:30,867 DEBUG [main] cmn.LoggerManager (CalendarEx02Main.java:57)     - 시간 0~23 : 10
2022-02-22 10:19:31,633 DEBUG [main] cmn.LoggerManager (CalendarEx02Main.java:40)     - 이해의 년도 : 2022
2022-02-22 10:19:31,634 DEBUG [main] cmn.LoggerManager (CalendarEx02Main.java:41)     - 월(0~11)월 : 2
2022-02-22 10:19:31,635 DEBUG [main] cmn.LoggerManager (CalendarEx02Main.java:42)     - 일 : 22
2022-02-22 10:19:31,635 DEBUG [main] cmn.LoggerManager (CalendarEx02Main.java:44)     - 2022년 2월 22일
2022-02-22 10:19:31,635 DEBUG [main] cmn.LoggerManager (CalendarEx02Main.java:48)     - 1(일요일)~7(토요일) : 3
2022-02-22 10:19:31,635 DEBUG [main] cmn.LoggerManager (CalendarEx02Main.java:51)     - 오전(0), 오후(1)0
2022-02-22 10:19:31,635 DEBUG [main] cmn.LoggerManager (CalendarEx02Main.java:54)     - 시간 0~11 : 10
2022-02-22 10:19:31,635 DEBUG [main] cmn.LoggerManager (CalendarEx02Main.java:57)     - 시간 0~23 : 10
2022-02-22 10:19:31,636 DEBUG [main] cmn.LoggerManager (CalendarEx02Main.java:60)     - 분 0~59 : 19
2022-02-22 10:21:08,168 DEBUG [main] cmn.LoggerManager (CalendarEx02Main.java:40)     - 이해의 년도 : 2022
2022-02-22 10:21:08,170 DEBUG [main] cmn.LoggerManager (CalendarEx02Main.java:41)     - 월(0~11)월 : 2
2022-02-22 10:21:08,170 DEBUG [main] cmn.LoggerManager (CalendarEx02Main.java:42)     - 일 : 22
2022-02-22 10:21:08,170 DEBUG [main] cmn.LoggerManager (CalendarEx02Main.java:44)     - 2022년 2월 22일
2022-02-22 10:21:08,170 DEBUG [main] cmn.LoggerManager (CalendarEx02Main.java:48)     - 1(일요일)~7(토요일) : 3
2022-02-22 10:21:08,170 DEBUG [main] cmn.LoggerManager (CalendarEx02Main.java:51)     - 오전(0), 오후(1)0
2022-02-22 10:21:08,170 DEBUG [main] cmn.LoggerManager (CalendarEx02Main.java:54)     - 시간 0~11 : 10
2022-02-22 10:21:08,171 DEBUG [main] cmn.LoggerManager (CalendarEx02Main.java:57)     - 시간 0~23 : 10
2022-02-22 10:21:08,173 DEBUG [main] cmn.LoggerManager (CalendarEx02Main.java:60)     - 분 0~59 : 21
2022-02-22 10:21:08,173 DEBUG [main] cmn.LoggerManager (CalendarEx02Main.java:63)     - 초 0~59 : 8
2022-02-22 10:21:16,860 DEBUG [main] cmn.LoggerManager (CalendarEx02Main.java:40)     - 이해의 년도 : 2022
2022-02-22 10:21:16,862 DEBUG [main] cmn.LoggerManager (CalendarEx02Main.java:41)     - 월(0~11)월 : 2
2022-02-22 10:21:16,862 DEBUG [main] cmn.LoggerManager (CalendarEx02Main.java:42)     - 일 : 22
2022-02-22 10:21:16,862 DEBUG [main] cmn.LoggerManager (CalendarEx02Main.java:44)     - 2022년 2월 22일
2022-02-22 10:21:16,862 DEBUG [main] cmn.LoggerManager (CalendarEx02Main.java:48)     - 1(일요일)~7(토요일) : 3
2022-02-22 10:21:16,862 DEBUG [main] cmn.LoggerManager (CalendarEx02Main.java:51)     - 오전(0), 오후(1)0
2022-02-22 10:21:16,863 DEBUG [main] cmn.LoggerManager (CalendarEx02Main.java:54)     - 시간 0~11 : 10
2022-02-22 10:21:16,863 DEBUG [main] cmn.LoggerManager (CalendarEx02Main.java:57)     - 시간 0~23 : 10
2022-02-22 10:21:16,864 DEBUG [main] cmn.LoggerManager (CalendarEx02Main.java:60)     - 분 0~59 : 21
2022-02-22 10:21:16,864 DEBUG [main] cmn.LoggerManager (CalendarEx02Main.java:63)     - 초 0~59 : 16
2022-02-22 10:23:24,280 DEBUG [main] cmn.LoggerManager (CalendarEx02Main.java:40)     - 이해의 년도 : 2022
2022-02-22 10:23:24,283 DEBUG [main] cmn.LoggerManager (CalendarEx02Main.java:41)     - 월(0~11)월 : 2
2022-02-22 10:23:24,283 DEBUG [main] cmn.LoggerManager (CalendarEx02Main.java:42)     - 일 : 22
2022-02-22 10:23:24,283 DEBUG [main] cmn.LoggerManager (CalendarEx02Main.java:44)     - 2022년 2월 22일
2022-02-22 10:23:24,283 DEBUG [main] cmn.LoggerManager (CalendarEx02Main.java:48)     - 1(일요일)~7(토요일) : 3
2022-02-22 10:23:24,283 DEBUG [main] cmn.LoggerManager (CalendarEx02Main.java:51)     - 오전(0), 오후(1)0
2022-02-22 10:23:24,283 DEBUG [main] cmn.LoggerManager (CalendarEx02Main.java:54)     - 시간 0~11 : 10
2022-02-22 10:23:24,283 DEBUG [main] cmn.LoggerManager (CalendarEx02Main.java:57)     - 시간 0~23 : 10
2022-02-22 10:23:24,285 DEBUG [main] cmn.LoggerManager (CalendarEx02Main.java:60)     - 분 0~59 : 23
2022-02-22 10:23:24,285 DEBUG [main] cmn.LoggerManager (CalendarEx02Main.java:63)     - 초 0~59 : 24
2022-02-22 10:23:24,285 DEBUG [main] cmn.LoggerManager (CalendarEx02Main.java:66)     - 1000분의 1초 : 216
2022-02-22 10:25:53,948 DEBUG [main] cmn.LoggerManager (CalendarEx02Main.java:40)     - 이해의 년도 : 2022
2022-02-22 10:25:53,950 DEBUG [main] cmn.LoggerManager (CalendarEx02Main.java:41)     - 월(0~11)월 : 2
2022-02-22 10:25:53,950 DEBUG [main] cmn.LoggerManager (CalendarEx02Main.java:42)     - 일 : 22
2022-02-22 10:25:53,950 DEBUG [main] cmn.LoggerManager (CalendarEx02Main.java:44)     - 2022년 2월 22일
2022-02-22 10:25:53,950 DEBUG [main] cmn.LoggerManager (CalendarEx02Main.java:48)     - 1(일요일)~7(토요일) : 3
2022-02-22 10:25:53,950 DEBUG [main] cmn.LoggerManager (CalendarEx02Main.java:51)     - 오전(0), 오후(1)0
2022-02-22 10:25:53,950 DEBUG [main] cmn.LoggerManager (CalendarEx02Main.java:54)     - 시간 0~11 : 10
2022-02-22 10:25:53,950 DEBUG [main] cmn.LoggerManager (CalendarEx02Main.java:57)     - 시간 0~23 : 10
2022-02-22 10:25:53,952 DEBUG [main] cmn.LoggerManager (CalendarEx02Main.java:60)     - 분 0~59 : 25
2022-02-22 10:25:53,952 DEBUG [main] cmn.LoggerManager (CalendarEx02Main.java:63)     - 초 0~59 : 53
2022-02-22 10:25:53,952 DEBUG [main] cmn.LoggerManager (CalendarEx02Main.java:66)     - 1000분의 1초 : 888
2022-02-22 10:25:53,952 DEBUG [main] cmn.LoggerManager (CalendarEx02Main.java:68)     - 10:25:53
